<?xml version="1.0" encoding="UTF-8"?>
<testng-results skipped="0" failed="0" ignored="0" total="1" passed="1">
  <reporter-output>
  </reporter-output>
  <suite name="Default suite" duration-ms="90283" started-at="2020-11-15T18:27:32 IST" finished-at="2020-11-15T18:29:02 IST">
    <groups>
      <group name="cucumber">
        <method signature="AbstractTestNGCucumberTests.feature(cucumber.api.testng.CucumberFeatureWrapper)[pri:0, instance:Runner.TestRunner@9225652]" name="feature" class="cucumber.api.testng.AbstractTestNGCucumberTests"/>
      </group> <!-- cucumber -->
    </groups>
    <test name="Default test" duration-ms="90283" started-at="2020-11-15T18:27:32 IST" finished-at="2020-11-15T18:29:02 IST">
      <class name="Runner.TestRunner">
        <test-method status="PASS" signature="setUpClass()[pri:0, instance:Runner.TestRunner@9225652]" name="setUpClass" is-config="true" duration-ms="222" started-at="2020-11-15T18:27:32 IST" finished-at="2020-11-15T18:27:32 IST">
          <reporter-output>
          </reporter-output>
        </test-method> <!-- setUpClass -->
        <test-method status="PASS" signature="feature(cucumber.api.testng.CucumberFeatureWrapper)[pri:0, instance:Runner.TestRunner@9225652]" name="feature" duration-ms="89562" started-at="2020-11-15T18:27:32 IST" description="Runs Cucumber Feature" data-provider="features" finished-at="2020-11-15T18:29:02 IST">
          <params>
            <param index="0">
              <value>
                <![CDATA[Sign in as New User and Purchase a Product]]>
              </value>
            </param>
          </params>
          <reporter-output>
          </reporter-output>
        </test-method> <!-- feature -->
        <test-method status="PASS" signature="writeExtentReport()[pri:0, instance:Runner.TestRunner@9225652]" name="writeExtentReport" is-config="true" duration-ms="15" started-at="2020-11-15T18:29:02 IST" finished-at="2020-11-15T18:29:02 IST">
          <reporter-output>
          </reporter-output>
        </test-method> <!-- writeExtentReport -->
        <test-method status="PASS" signature="tearDownClass()[pri:0, instance:Runner.TestRunner@9225652]" name="tearDownClass" is-config="true" duration-ms="335" started-at="2020-11-15T18:29:02 IST" finished-at="2020-11-15T18:29:02 IST">
          <reporter-output>
          </reporter-output>
        </test-method> <!-- tearDownClass -->
      </class> <!-- Runner.TestRunner -->
    </test> <!-- Default test -->
  </suite> <!-- Default suite -->
</testng-results>
